{"contracts/Ownable.sol":{"l":{},"path":"/home/samborisov/LimeAcademy-2/contracts/Ownable.sol","s":{},"b":{},"f":{},"fnMap":{},"statementMap":{},"branchMap":{}},"contracts/USElection.sol":{"l":{"21":4,"22":4,"23":4,"34":3,"35":3,"36":3,"37":2,"38":2,"39":1,"41":1,"44":2,"45":2,"47":2,"51":5,"52":1,"54":4,"55":3,"57":1,"61":1,"62":1},"path":"/home/samborisov/LimeAcademy-2/contracts/USElection.sol","s":{"1":4,"2":4,"3":3,"4":3,"5":3,"6":2,"7":2,"8":1,"9":1,"10":2,"11":2,"12":2,"13":5,"14":1,"15":4,"16":3,"17":1,"18":1,"19":1},"b":{"1":[4,0],"2":[3,0],"3":[3,0],"4":[2,1],"5":[1,1],"6":[1,4],"7":[3,1]},"f":{"1":4,"2":3,"3":5,"4":1},"fnMap":{"1":{"name":"onlyActiveElection","line":20,"loc":{"start":{"line":20,"column":1},"end":{"line":24,"column":4}}},"2":{"name":"submitStateResult","line":33,"loc":{"start":{"line":33,"column":4},"end":{"line":48,"column":2}}},"3":{"name":"currentLeader","line":50,"loc":{"start":{"line":50,"column":4},"end":{"line":58,"column":2}}},"4":{"name":"endElection","line":60,"loc":{"start":{"line":60,"column":4},"end":{"line":63,"column":4}}}},"statementMap":{"1":{"start":{"line":21,"column":8},"end":{"line":21,"column":59}},"2":{"start":{"line":22,"column":8},"end":{"line":22,"column":64}},"3":{"start":{"line":34,"column":6},"end":{"line":34,"column":71}},"4":{"start":{"line":35,"column":6},"end":{"line":35,"column":77}},"5":{"start":{"line":36,"column":12},"end":{"line":36,"column":94}},"6":{"start":{"line":37,"column":6},"end":{"line":37,"column":18}},"7":{"start":{"line":38,"column":6},"end":{"line":38,"column":1234}},"8":{"start":{"line":39,"column":10},"end":{"line":39,"column":23}},"9":{"start":{"line":41,"column":10},"end":{"line":41,"column":23}},"10":{"start":{"line":44,"column":6},"end":{"line":44,"column":39}},"11":{"start":{"line":45,"column":12},"end":{"line":45,"column":47}},"12":{"start":{"line":47,"column":6},"end":{"line":47,"column":65}},"13":{"start":{"line":51,"column":6},"end":{"line":51,"column":1583}},"14":{"start":{"line":52,"column":10},"end":{"line":52,"column":22}},"15":{"start":{"line":54,"column":6},"end":{"line":54,"column":1655}},"16":{"start":{"line":55,"column":10},"end":{"line":55,"column":22}},"17":{"start":{"line":57,"column":6},"end":{"line":57,"column":14}},"18":{"start":{"line":61,"column":8},"end":{"line":61,"column":27}},"19":{"start":{"line":62,"column":8},"end":{"line":62,"column":46}}},"branchMap":{"1":{"line":22,"type":"if","locations":[{"start":{"line":22,"column":8},"end":{"line":22,"column":8}},{"start":{"line":22,"column":8},"end":{"line":22,"column":8}}]},"2":{"line":34,"type":"if","locations":[{"start":{"line":34,"column":6},"end":{"line":34,"column":6}},{"start":{"line":34,"column":6},"end":{"line":34,"column":6}}]},"3":{"line":35,"type":"if","locations":[{"start":{"line":35,"column":6},"end":{"line":35,"column":6}},{"start":{"line":35,"column":6},"end":{"line":35,"column":6}}]},"4":{"line":36,"type":"if","locations":[{"start":{"line":36,"column":12},"end":{"line":36,"column":12}},{"start":{"line":36,"column":12},"end":{"line":36,"column":12}}]},"5":{"line":38,"type":"if","locations":[{"start":{"line":38,"column":6},"end":{"line":38,"column":6}},{"start":{"line":38,"column":6},"end":{"line":38,"column":6}}]},"6":{"line":51,"type":"if","locations":[{"start":{"line":51,"column":6},"end":{"line":51,"column":6}},{"start":{"line":51,"column":6},"end":{"line":51,"column":6}}]},"7":{"line":54,"type":"if","locations":[{"start":{"line":54,"column":6},"end":{"line":54,"column":6}},{"start":{"line":54,"column":6},"end":{"line":54,"column":6}}]}}}}