{
"contracts/Ownable.sol":{"l":{"10":4,"11":4,"13":4,"14":4,"18":3,"19":3},"path":"/home/samborisov/LimeAcademy-2/contracts/Ownable.sol","s":{"1":4,"2":4,"3":4,"4":3,"5":3},"b":{"1":[4,0]},"f":{"1":4,"2":3},"fnMap":{"1":{"name":"onlyOwner","line":9,"loc":{"start":{"line":9,"column":4},"end":{"line":15,"column":4}}},"2":{"name":"constructor","line":17,"loc":{"start":{"line":17,"column":4},"end":{"line":20,"column":4}}}},"statementMap":{"1":{"start":{"line":10,"column":8},"end":{"line":10,"column":60}},"2":{"start":{"line":11,"column":8},"end":{"line":11,"column":50}},"3":{"start":{"line":13,"column":8},"end":{"line":13,"column":63}},"4":{"start":{"line":18,"column":8},"end":{"line":18,"column":62}},"5":{"start":{"line":19,"column":8},"end":{"line":19,"column":25}}},"branchMap":{"1":{"line":13,"type":"if","locations":[{"start":{"line":13,"column":8},"end":{"line":13,"column":8}},{"start":{"line":13,"column":8},"end":{"line":13,"column":8}}]}}},
"contracts/USElection.sol":{"l":{"20":4,"21":4,"22":4,"33":3,"34":3,"35":3,"36":2,"37":2,"38":1,"40":1,"43":2,"44":2,"46":2,"50":5,"51":1,"53":4,"54":3,"56":1,"60":1,"61":1,"64":0},"path":"/home/samborisov/LimeAcademy-2/contracts/USElection.sol","s":{"1":4,"2":4,"3":3,"4":3,"5":3,"6":2,"7":2,"8":1,"9":1,"10":2,"11":2,"12":2,"13":5,"14":1,"15":4,"16":3,"17":1,"18":1,"19":1,"20":0},"b":{"1":[4,0],"2":[3,0],"3":[3,0],"4":[2,1],"5":[1,1],"6":[1,4],"7":[3,1]},"f":{"1":4,"2":3,"3":5,"4":1,"5":0},"fnMap":{"1":{"name":"onlyActiveElection","line":19,"loc":{"start":{"line":19,"column":1},"end":{"line":23,"column":4}}},"2":{"name":"submitStateResult","line":32,"loc":{"start":{"line":32,"column":4},"end":{"line":47,"column":2}}},"3":{"name":"currentLeader","line":49,"loc":{"start":{"line":49,"column":4},"end":{"line":57,"column":2}}},"4":{"name":"endElection","line":59,"loc":{"start":{"line":59,"column":4},"end":{"line":62,"column":4}}},"5":{"name":"getOwner","line":63,"loc":{"start":{"line":63,"column":4},"end":{"line":66,"column":4}}}},"statementMap":{"1":{"start":{"line":20,"column":8},"end":{"line":20,"column":59}},"2":{"start":{"line":21,"column":8},"end":{"line":21,"column":64}},"3":{"start":{"line":33,"column":6},"end":{"line":33,"column":71}},"4":{"start":{"line":34,"column":6},"end":{"line":34,"column":77}},"5":{"start":{"line":35,"column":12},"end":{"line":35,"column":94}},"6":{"start":{"line":36,"column":6},"end":{"line":36,"column":18}},"7":{"start":{"line":37,"column":6},"end":{"line":37,"column":1179}},"8":{"start":{"line":38,"column":10},"end":{"line":38,"column":23}},"9":{"start":{"line":40,"column":10},"end":{"line":40,"column":23}},"10":{"start":{"line":43,"column":6},"end":{"line":43,"column":39}},"11":{"start":{"line":44,"column":12},"end":{"line":44,"column":47}},"12":{"start":{"line":46,"column":6},"end":{"line":46,"column":65}},"13":{"start":{"line":50,"column":6},"end":{"line":50,"column":1528}},"14":{"start":{"line":51,"column":10},"end":{"line":51,"column":22}},"15":{"start":{"line":53,"column":6},"end":{"line":53,"column":1600}},"16":{"start":{"line":54,"column":10},"end":{"line":54,"column":22}},"17":{"start":{"line":56,"column":6},"end":{"line":56,"column":14}},"18":{"start":{"line":60,"column":8},"end":{"line":60,"column":27}},"19":{"start":{"line":61,"column":8},"end":{"line":61,"column":46}},"20":{"start":{"line":64,"column":8},"end":{"line":64,"column":20}}},"branchMap":{"1":{"line":21,"type":"if","locations":[{"start":{"line":21,"column":8},"end":{"line":21,"column":8}},{"start":{"line":21,"column":8},"end":{"line":21,"column":8}}]},"2":{"line":33,"type":"if","locations":[{"start":{"line":33,"column":6},"end":{"line":33,"column":6}},{"start":{"line":33,"column":6},"end":{"line":33,"column":6}}]},"3":{"line":34,"type":"if","locations":[{"start":{"line":34,"column":6},"end":{"line":34,"column":6}},{"start":{"line":34,"column":6},"end":{"line":34,"column":6}}]},"4":{"line":35,"type":"if","locations":[{"start":{"line":35,"column":12},"end":{"line":35,"column":12}},{"start":{"line":35,"column":12},"end":{"line":35,"column":12}}]},"5":{"line":37,"type":"if","locations":[{"start":{"line":37,"column":6},"end":{"line":37,"column":6}},{"start":{"line":37,"column":6},"end":{"line":37,"column":6}}]},"6":{"line":50,"type":"if","locations":[{"start":{"line":50,"column":6},"end":{"line":50,"column":6}},{"start":{"line":50,"column":6},"end":{"line":50,"column":6}}]},"7":{"line":53,"type":"if","locations":[{"start":{"line":53,"column":6},"end":{"line":53,"column":6}},{"start":{"line":53,"column":6},"end":{"line":53,"column":6}}]}}}}
