{
"contracts\\Ownable.sol":{"l":{"9":4,"10":3,"14":3},"path":"C:\\Users\\Sami\\Documents\\LimeAcademy\\contracts\\Ownable.sol","s":{"1":4,"2":3},"b":{"1":[3,1]},"f":{"1":4,"2":3},"fnMap":{"1":{"name":"onlyOwner","line":8,"loc":{"start":{"line":8,"column":4},"end":{"line":11,"column":4}}},"2":{"name":"constructor","line":13,"loc":{"start":{"line":13,"column":4},"end":{"line":15,"column":4}}}},"statementMap":{"1":{"start":{"line":9,"column":8},"end":{"line":9,"column":63}},"2":{"start":{"line":14,"column":8},"end":{"line":14,"column":25}}},"branchMap":{"1":{"line":9,"type":"if","locations":[{"start":{"line":9,"column":8},"end":{"line":9,"column":8}},{"start":{"line":9,"column":8},"end":{"line":9,"column":8}}]}}},
"contracts\\USElection.sol":{"l":{"19":3,"20":3,"31":3,"32":3,"33":3,"34":2,"35":2,"36":1,"38":1,"41":2,"42":2,"44":2,"48":3,"49":1,"51":2,"52":1,"54":1,"58":0,"59":0,"62":1},"path":"C:\\Users\\Sami\\Documents\\LimeAcademy\\contracts\\USElection.sol","s":{"1":3,"2":3,"3":3,"4":3,"5":2,"6":2,"7":1,"8":1,"9":2,"10":2,"11":2,"12":3,"13":1,"14":2,"15":1,"16":1,"17":0,"18":0,"19":1},"b":{"1":[3,0],"2":[3,0],"3":[3,0],"4":[2,1],"5":[1,1],"6":[1,2],"7":[1,1]},"f":{"1":3,"2":3,"3":3,"4":0,"5":1},"fnMap":{"1":{"name":"onlyActiveElection","line":18,"loc":{"start":{"line":18,"column":2},"end":{"line":21,"column":4}}},"2":{"name":"submitStateResult","line":30,"loc":{"start":{"line":30,"column":4},"end":{"line":45,"column":2}}},"3":{"name":"currentLeader","line":47,"loc":{"start":{"line":47,"column":4},"end":{"line":55,"column":2}}},"4":{"name":"endElection","line":57,"loc":{"start":{"line":57,"column":4},"end":{"line":60,"column":4}}},"5":{"name":"getOwner","line":61,"loc":{"start":{"line":61,"column":4},"end":{"line":64,"column":4}}}},"statementMap":{"1":{"start":{"line":19,"column":8},"end":{"line":19,"column":64}},"2":{"start":{"line":31,"column":6},"end":{"line":31,"column":71}},"3":{"start":{"line":32,"column":6},"end":{"line":32,"column":77}},"4":{"start":{"line":33,"column":12},"end":{"line":33,"column":94}},"5":{"start":{"line":34,"column":6},"end":{"line":34,"column":18}},"6":{"start":{"line":35,"column":6},"end":{"line":35,"column":1122}},"7":{"start":{"line":36,"column":10},"end":{"line":36,"column":23}},"8":{"start":{"line":38,"column":10},"end":{"line":38,"column":23}},"9":{"start":{"line":41,"column":6},"end":{"line":41,"column":39}},"10":{"start":{"line":42,"column":12},"end":{"line":42,"column":47}},"11":{"start":{"line":44,"column":6},"end":{"line":44,"column":65}},"12":{"start":{"line":48,"column":6},"end":{"line":48,"column":1484}},"13":{"start":{"line":49,"column":10},"end":{"line":49,"column":22}},"14":{"start":{"line":51,"column":6},"end":{"line":51,"column":1559}},"15":{"start":{"line":52,"column":10},"end":{"line":52,"column":22}},"16":{"start":{"line":54,"column":6},"end":{"line":54,"column":14}},"17":{"start":{"line":58,"column":8},"end":{"line":58,"column":27}},"18":{"start":{"line":59,"column":8},"end":{"line":59,"column":46}},"19":{"start":{"line":62,"column":8},"end":{"line":62,"column":20}}},"branchMap":{"1":{"line":19,"type":"if","locations":[{"start":{"line":19,"column":8},"end":{"line":19,"column":8}},{"start":{"line":19,"column":8},"end":{"line":19,"column":8}}]},"2":{"line":31,"type":"if","locations":[{"start":{"line":31,"column":6},"end":{"line":31,"column":6}},{"start":{"line":31,"column":6},"end":{"line":31,"column":6}}]},"3":{"line":32,"type":"if","locations":[{"start":{"line":32,"column":6},"end":{"line":32,"column":6}},{"start":{"line":32,"column":6},"end":{"line":32,"column":6}}]},"4":{"line":33,"type":"if","locations":[{"start":{"line":33,"column":12},"end":{"line":33,"column":12}},{"start":{"line":33,"column":12},"end":{"line":33,"column":12}}]},"5":{"line":35,"type":"if","locations":[{"start":{"line":35,"column":6},"end":{"line":35,"column":6}},{"start":{"line":35,"column":6},"end":{"line":35,"column":6}}]},"6":{"line":48,"type":"if","locations":[{"start":{"line":48,"column":6},"end":{"line":48,"column":6}},{"start":{"line":48,"column":6},"end":{"line":48,"column":6}}]},"7":{"line":51,"type":"if","locations":[{"start":{"line":51,"column":6},"end":{"line":51,"column":6}},{"start":{"line":51,"column":6},"end":{"line":51,"column":6}}]}}}}
