TN:
SF:/home/samborisov/LimeAcademy-2/contracts/USElection.sol
FN:20,onlyActiveElection
FN:33,submitStateResult
FN:50,currentLeader
FN:60,endElection
FNF:4
FNH:4
FNDA:4,onlyActiveElection
FNDA:3,submitStateResult
FNDA:5,currentLeader
FNDA:1,endElection
DA:21,4
DA:22,4
DA:23,4
DA:34,3
DA:35,3
DA:36,3
DA:37,2
DA:38,2
DA:39,1
DA:41,1
DA:44,2
DA:45,2
DA:47,2
DA:51,5
DA:52,1
DA:54,4
DA:55,3
DA:57,1
DA:61,1
DA:62,1
LF:20
LH:20
BRDA:22,1,0,4
BRDA:22,1,1,0
BRDA:34,2,0,3
BRDA:34,2,1,0
BRDA:35,3,0,3
BRDA:35,3,1,0
BRDA:36,4,0,2
BRDA:36,4,1,1
BRDA:38,5,0,1
BRDA:38,5,1,1
BRDA:51,6,0,1
BRDA:51,6,1,4
BRDA:54,7,0,3
BRDA:54,7,1,1
BRF:14
BRH:11
end_of_record
