TN:
SF:C:\Users\Sami\Documents\LimeAcademy\contracts\Ownable.sol
FN:8,onlyOwner
FN:13,constructor
FNF:2
FNH:2
FNDA:4,onlyOwner
FNDA:3,constructor
DA:9,4
DA:10,3
DA:14,3
LF:3
LH:3
BRDA:9,1,0,3
BRDA:9,1,1,1
BRF:2
BRH:2
end_of_record
TN:
SF:C:\Users\Sami\Documents\LimeAcademy\contracts\USElection.sol
FN:18,onlyActiveElection
FN:30,submitStateResult
FN:47,currentLeader
FN:57,endElection
FN:61,getOwner
FNF:5
FNH:4
FNDA:3,onlyActiveElection
FNDA:3,submitStateResult
FNDA:3,currentLeader
FNDA:0,endElection
FNDA:1,getOwner
DA:19,3
DA:20,3
DA:31,3
DA:32,3
DA:33,3
DA:34,2
DA:35,2
DA:36,1
DA:38,1
DA:41,2
DA:42,2
DA:44,2
DA:48,3
DA:49,1
DA:51,2
DA:52,1
DA:54,1
DA:58,0
DA:59,0
DA:62,1
LF:20
LH:18
BRDA:19,1,0,3
BRDA:19,1,1,0
BRDA:31,2,0,3
BRDA:31,2,1,0
BRDA:32,3,0,3
BRDA:32,3,1,0
BRDA:33,4,0,2
BRDA:33,4,1,1
BRDA:35,5,0,1
BRDA:35,5,1,1
BRDA:48,6,0,1
BRDA:48,6,1,2
BRDA:51,7,0,1
BRDA:51,7,1,1
BRF:14
BRH:11
end_of_record
